<?xml version="1.0" encoding="UTF-8"?>
<testsuite xmlns:xsi="http://www.w3.org/2001/XMLSchema-instance" xsi:noNamespaceSchemaLocation="https://maven.apache.org/surefire/maven-surefire-plugin/xsd/surefire-test-report.xsd" name="hooks.TestRunner" time="6.771" tests="1" errors="1" skipped="0" failures="0">
  <properties>
[...]
</properties>
  <testcase name="Validate that when the player clicks a checker, the checker is highlighted" classname="Game of the Brain" time="0.029">
    <error message="TODO: implement me" type="cucumber.api.PendingException">cucumber.api.PendingException: TODO: implement me
</error>
    <system-out><![CDATA[Feature: Game of the Brain
	As a player, I want to select a checker to a desired position

  Scenario: Validate that when the player clicks a checker, the checker is highlighted # features/guiDemo.feature:4
    Given the player is on Checkers page                                               # GUIStepDefs.the_player_is_on_Checkers_page()
    When the player clicks a checker                                                   # GUIStepDefs.the_player_clicks_a_checker()
      cucumber.api.PendingException: TODO: implement me
	at guitest.GUIStepDefs.the_player_clicks_a_checker(GUIStepDefs.java:17)
	at ?.the player clicks a checker(features/guiDemo.feature:6)

    Then the checker is highlighted                                                    # GUIStepDefs.the_checker_is_highlighted()
]]></system-out>
    <system-err><![CDATA[Starting ChromeDriver 96.0.4664.18 (b8887b3d1742adb0873f871edc1d8d8c1d46bb96-refs/branch-heads/4664@{#236}) on port 34526
Only local connections are allowed.
Please see https://chromedriver.chromium.org/security-considerations for suggestions on keeping ChromeDriver safe.
ChromeDriver was started successfully.
Dec 12, 2021 11:19:04 PM org.openqa.selenium.remote.ProtocolHandshake createSession
INFO: Detected dialect: W3C
]]></system-err>
  </testcase>
</testsuite>